2026-04-22 14:56:20,120 INFO ipython === bench console session ===
2026-04-22 14:56:20,121 INFO ipython ws = frappe.get_doc('Workspace', 'Careers')
2026-04-22 14:56:20,121 INFO ipython ws.icon = 'hr'
2026-04-22 14:56:20,121 INFO ipython import json
2026-04-22 14:56:20,121 INFO ipython ws.content = json.dumps([
    {"id": "careers_header", "type": "header", "data": {"text": "<span class=\"h4\"><b>Careers</b></span>", "col": 12}},
    {"id": "careers_card", "type": "card", "data": {"card_name": "Career Inquiries", "col": 4}}
])
2026-04-22 14:56:20,121 INFO ipython ws.links = []
2026-04-22 14:56:20,121 INFO ipython ws.append('links', {'hidden': 0, 'is_query_report': 0, 'label': 'Career Inquiries', 'link_count': 0, 'onboard': 0, 'type': 'Card Break'})
2026-04-22 14:56:20,121 INFO ipython ws.append('links', {'hidden': 0, 'is_query_report': 0, 'label': 'Career Inquiry', 'link_count': 0, 'link_to': 'Career Inquiry', 'link_type': 'DocType', 'onboard': 1, 'type': 'Link'})
2026-04-22 14:56:20,121 INFO ipython ws.save(ignore_permissions=True)
2026-04-22 14:56:20,121 INFO ipython frappe.db.commit()
2026-04-22 14:56:20,121 INFO ipython print('Done')
2026-04-22 14:56:20,121 INFO ipython === session end ===
2026-04-22 15:08:43,781 INFO ipython === bench console session ===
2026-04-22 15:08:43,781 INFO ipython records = [
    {
        'first_name': 'James',
        'last_name': 'Anderson',
        'business_email': 'james.anderson@techcorp.com',
        'mobile_number': '+1 (555) 123-4567',
        'organization_name': 'TechCorp Solutions',
        'role_title': 'Head of IT',
        'organization_type': 'Enterprise',
        'primary_interest': 'ERP Implementation',
        'challenge_or_initiative': 'We are looking to modernize our legacy ERP system across 5 offices. Currently running on an outdated platform and need a scalable solution.',
        'preferred_way_to_connect': 'Phone Call',
        'how_did_you_hear': 'Google Search'
    },
    {
        'first_name': 'Sarah',
        'last_name': 'Mitchell',
        'business_email': 'sarah.mitchell@greenleaf.org',
        'mobile_number': '+1 (555) 987-6543',
        'organization_name': 'GreenLeaf Non-Profit',
        'role_title': 'VP Operations',
        'organization_type': 'Non-Profit',
        'primary_interest': 'Accounting',
        'challenge_or_initiative': 'We need better financial tracking and donor management. Our current spreadsheet-based system is causing reporting delays at end of quarter.',
        'preferred_way_to_connect': 'Email Exchange',
        'how_did_you_hear': 'Referral'
    },
    {
        'first_name': 'Raj',
        'last_name': 'Patel',
        'business_email': 'raj.patel@mfgplus.com',
        'mobile_number': '+1 (555) 456-7890',
        'organization_name': 'MFG Plus Ltd',
        'role_title': 'VP Quality',
        'organization_type': 'Mid-Size Company',
        'primary_interest': 'Manufacturing',
        'challenge_or_initiative': 'Our production floor lacks real-time visibility into inventory and work orders. We want to reduce downtime and improve delivery timelines.',
        'preferred_way_to_connect': 'Phone Call',
        'how_did_you_hear': 'Social Media'
    }
]
2026-04-22 15:08:43,782 INFO ipython for r in records:
    doc = frappe.get_doc({'doctype': 'Career Inquiry', **r})
    doc.insert(ignore_permissions=True)
    print(f'Created: {doc.name} - {doc.first_name} {doc.last_name}')
2026-04-22 15:08:43,782 INFO ipython frappe.db.commit()
2026-04-22 15:08:43,782 INFO ipython === session end ===
2026-04-22 17:09:37,385 INFO ipython === bench console session ===
2026-04-22 17:09:37,386 INFO ipython doc = frappe.get_doc({
    'doctype': 'Career Inquiry',
    'first_name': 'Emily',
    'last_name': 'Carter',
    'email': 'emily.carter@example.com',
    'phone_number': '+1 (555) 321-7890',
    'role_applying_for': 'Senior AI/ML Engineer',
    'years_of_experience': 5.5,
    'linkedin_profile_url': 'https://linkedin.com/in/emily-carter',
    'resume_link': 'https://drive.google.com/file/d/emily-carter-resume',
    'portfolio_site': 'https://emilycarter.dev',
    'tell_us_about_yourself': 'I have 5+ years of experience in AI/ML engineering, working on NLP pipelines and computer vision systems. I have led teams at two startups and contributed to open-source ML frameworks. I am drawn to this role because of the focus on regulated environments and life sciences, which aligns with my recent work on FDA-compliant ML models.',
    'how_did_you_hear': 'LinkedIn'
})
2026-04-22 17:09:37,386 INFO ipython doc.insert(ignore_permissions=True)
2026-04-22 17:09:37,386 INFO ipython frappe.db.commit()
2026-04-22 17:09:37,386 INFO ipython print(f'Created: {doc.name}')
2026-04-22 17:09:37,386 INFO ipython === session end ===
2026-04-22 17:14:46,493 INFO ipython === bench console session ===
2026-04-22 17:14:46,493 INFO ipython import frappe
2026-04-22 17:14:46,493 INFO ipython # Register the file in Frappe's File doctype
2026-04-22 17:14:46,493 INFO ipython file_doc = frappe.get_doc({
    'doctype': 'File',
    'file_name': 'alex-morgan-resume.pdf',
    'file_url': '/files/alex-morgan-resume.pdf',
    'is_private': 0,
    'folder': 'Home/Attachments'
})
2026-04-22 17:14:46,493 INFO ipython file_doc.insert(ignore_permissions=True)
2026-04-22 17:14:46,493 INFO ipython # Create the Career Inquiry record with all fields
2026-04-22 17:14:46,493 INFO ipython doc = frappe.get_doc({
    'doctype': 'Career Inquiry',
    'first_name': 'Alex',
    'last_name': 'Morgan',
    'email': 'alex.morgan@gmail.com',
    'phone_number': '+1 (555) 847-2391',
    'role_applying_for': 'Senior AI/ML Engineer',
    'years_of_experience': 7.5,
    'linkedin_profile_url': 'https://linkedin.com/in/alex-morgan-ml',
    'resume_link': 'https://drive.google.com/file/d/alex-morgan-resume-cv',
    'resume_file': '/files/alex-morgan-resume.pdf',
    'portfolio_site': 'https://alexmorgan.ai',
    'tell_us_about_yourself': 'I have 7+ years of experience building production-grade AI/ML systems across healthcare and finance. I specialize in NLP, deep learning, and MLOps pipelines. I have led cross-functional teams of 8 engineers and delivered FDA-compliant ML models used in clinical decision support. I am excited about this role because of the intersection of AI and life sciences.',
    'how_did_you_hear': 'LinkedIn'
})
2026-04-22 17:14:46,493 INFO ipython doc.insert(ignore_permissions=True)
2026-04-22 17:14:46,493 INFO ipython frappe.db.commit()
2026-04-22 17:14:46,493 INFO ipython print(f'Created: {doc.name}')
2026-04-22 17:14:46,493 INFO ipython === session end ===
2026-04-22 17:15:08,825 INFO ipython === bench console session ===
2026-04-22 17:15:08,825 INFO ipython # Delete the incomplete record
2026-04-22 17:15:08,825 INFO ipython frappe.delete_doc('Career Inquiry', 'CAR-APP-0008', ignore_permissions=True)
2026-04-22 17:15:08,825 INFO ipython # Create a proper File record using docx (no PDF validation)
2026-04-22 17:15:08,825 INFO ipython import base64
2026-04-22 17:15:08,825 INFO ipython # Minimal valid DOCX is a zip file - use a simple base64 encoded minimal docx
2026-04-22 17:15:08,825 INFO ipython file_doc = frappe.get_doc({
    'doctype': 'File',
    'file_name': 'alex-morgan-resume.docx',
    'file_url': 'https://drive.google.com/file/d/alex-morgan-resume',
    'is_private': 0,
    'folder': 'Home/Attachments'
})
2026-04-22 17:15:08,825 INFO ipython file_doc.insert(ignore_permissions=True)
2026-04-22 17:15:08,825 INFO ipython doc = frappe.get_doc({
    'doctype': 'Career Inquiry',
    'first_name': 'Alex',
    'last_name': 'Morgan',
    'email': 'alex.morgan@gmail.com',
    'phone_number': '+1 (555) 847-2391',
    'role_applying_for': 'Senior AI/ML Engineer',
    'years_of_experience': 7.5,
    'linkedin_profile_url': 'https://linkedin.com/in/alex-morgan-ml',
    'resume_link': 'https://drive.google.com/file/d/alex-morgan-resume',
    'resume_file': file_doc.file_url,
    'portfolio_site': 'https://alexmorgan.ai',
    'tell_us_about_yourself': 'I have 7+ years of experience building production-grade AI/ML systems across healthcare and finance. I specialize in NLP, deep learning, and MLOps pipelines. I have led cross-functional teams of 8 engineers and delivered FDA-compliant ML models used in clinical decision support.',
    'how_did_you_hear': 'LinkedIn'
})
2026-04-22 17:15:08,825 INFO ipython doc.insert(ignore_permissions=True)
2026-04-22 17:15:08,825 INFO ipython frappe.db.commit()
2026-04-22 17:15:08,825 INFO ipython print(f'Created: {doc.name} with resume_file: {doc.resume_file}')
2026-04-22 17:15:08,826 INFO ipython === session end ===
2026-04-22 17:18:36,931 INFO ipython === bench console session ===
2026-04-22 17:18:36,932 INFO ipython custom_css = '''
/* ── Custom Theme: Deep Navy & Teal ─────────────────────────── */
:root {
  --primary:              #2563eb;
  --primary-color:        #2563eb;
  --navbar-bg:            #0f172a;
  --sidebar-bg:           #0f172a;
  --sidebar-select-color: #1e3a5f;
  --fg-color:             #ffffff;
  --bg-color:             #f0f4ff;
  --card-bg:              #ffffff;
  --text-color:           #1e293b;
  --text-muted:           #64748b;
  --text-light:           #e2e8f0;
  --border-color:         #cbd5e1;
  --control-bg:           #f8fafc;
  --btn-primary-bg:       #2563eb;
  --btn-primary-color:    #ffffff;
}

/* Navbar */
.navbar {
  background: #0f172a !important;
  border-bottom: 2px solid #2563eb !important;
}
.navbar .navbar-brand img,
.navbar-brand { filter: brightness(0) invert(1); }
.navbar .nav-link,
.navbar .navbar-nav .nav-link {
  color: #e2e8f0 !important;
}
.navbar .nav-link:hover { color: #93c5fd !important; }
.navbar .avatar { border: 2px solid #2563eb; }

/* Sidebar */
.layout-side-section,
.desk-sidebar,
.sidebar-item-container {
  background: #0f172a !important;
}
.sidebar-item-container .sidebar-item-label,
.sidebar-item .sidebar-item-label,
.standard-sidebar-item .sidebar-item-label {
  color: #cbd5e1 !important;
}
.sidebar-item-container .sidebar-item:hover,
.standard-sidebar-item:hover {
  background: #1e3a5f !important;
}
.sidebar-item-container .sidebar-item.selected,
.standard-sidebar-item.selected {
  background: #1d4ed8 !important;
  border-radius: 6px;
}
.sidebar-item-container .sidebar-item.selected .sidebar-item-label {
  color: #ffffff !important;
  font-weight: 600;
}
.desk-sidebar .sidebar-group-title,
.sidebar-section-head {
  color: #64748b !important;
  text-transform: uppercase;
  font-size: 10px;
  letter-spacing: 0.08em;
}

/* Main content area */
.layout-main,
.page-container,
.frappe-app {
  background: #f0f4ff !important;
}

/* Cards & Workspace */
.workspace-container .widget.links-widget-box,
.widget-group .widget,
.desk-widget {
  background: #ffffff !important;
  border: 1px solid #dbeafe !important;
  border-radius: 10px !important;
  box-shadow: 0 2px 8px rgba(37,99,235,0.07) !important;
  transition: box-shadow 0.2s;
}
.workspace-container .widget:hover {
  box-shadow: 0 4px 16px rgba(37,99,235,0.15) !important;
}
.widget-head .widget-title,
.links-widget-box .widget-head .widget-label .widget-title {
  color: #1e3a5f !important;
  font-weight: 700 !important;
  font-size: 13px;
}

/* Buttons */
.btn-primary {
  background: #2563eb !important;
  border-color: #2563eb !important;
  color: #fff !important;
  border-radius: 6px !important;
}
.btn-primary:hover {
  background: #1d4ed8 !important;
  border-color: #1d4ed8 !important;
}
.btn-secondary {
  background: #f1f5f9 !important;
  border-color: #cbd5e1 !important;
  color: #1e293b !important;
  border-radius: 6px !important;
}

/* Page head */
.page-head,
.page-header {
  background: #ffffff !important;
  border-bottom: 1px solid #e2e8f0 !important;
}
.page-title .title-text,
.page-title {
  color: #0f172a !important;
  font-weight: 700;
}

/* List view rows */
.list-row-container .list-row {
  background: #ffffff !important;
  border-bottom: 1px solid #f1f5f9 !important;
}
.list-row-container .list-row:hover {
  background: #eff6ff !important;
}

/* Form */
.form-section .section-head {
  color: #2563eb !important;
  font-weight: 600;
  border-bottom: 2px solid #dbeafe;
  padding-bottom: 4px;
}
.control-label { color: #475569 !important; font-weight: 500; }
.form-control,
.frappe-control input,
.frappe-control select,
.frappe-control textarea {
  border-color: #cbd5e1 !important;
  border-radius: 6px !important;
  background: #f8fafc !important;
}
.form-control:focus {
  border-color: #2563eb !important;
  box-shadow: 0 0 0 3px rgba(37,99,235,0.15) !important;
}

/* Indicator / status badges */
.indicator-pill.blue { background: #dbeafe; color: #1d4ed8; }
.indicator-pill.green { background: #dcfce7; color: #16a34a; }

/* Scrollbar */
::-webkit-scrollbar { width: 6px; height: 6px; }
::-webkit-scrollbar-track { background: #f1f5f9; }
::-webkit-scrollbar-thumb { background: #94a3b8; border-radius: 3px; }
::-webkit-scrollbar-thumb:hover { background: #2563eb; }
'''
2026-04-22 17:18:36,933 INFO ipython frappe.db.set_value('System Settings', 'System Settings', 'custom_css', custom_css)
2026-04-22 17:18:36,933 INFO ipython frappe.db.commit()
2026-04-22 17:18:36,933 INFO ipython print('Theme applied successfully')
2026-04-22 17:18:36,933 INFO ipython === session end ===
2026-04-24 11:30:53,380 INFO ipython === bench console session ===
2026-04-24 11:30:53,382 INFO ipython import frappe
2026-04-24 11:30:53,382 INFO ipython print("OK")
2026-04-24 11:30:53,382 INFO ipython === session end ===
2026-04-24 11:34:25,000 INFO ipython === bench console session ===
2026-04-24 11:34:25,007 INFO ipython import frappe
2026-04-24 11:34:25,010 INFO ipython # Delete all existing Career Inquiry records
2026-04-24 11:34:25,011 INFO ipython names = frappe.get_all("Career Inquiry", pluck="name")
2026-04-24 11:34:25,012 INFO ipython print("Deleting Career Inquiry records:", len(names))
2026-04-24 11:34:25,012 INFO ipython for name in names:
    frappe.delete_doc("Career Inquiry", name, force=True)
frappe.db.commit()
2026-04-24 11:34:25,014 INFO ipython # Insert a single fully populated candidate
2026-04-24 11:34:25,018 INFO ipython candidate = frappe.get_doc({
    "doctype": "Career Inquiry",
    "first_name": "Alex",
    "last_name": "Morgan",
    "email": "alex.morgan@example.com",
    "phone_number": "+1-555-123-4567",
    "role_applying_for": "Senior AI/ML Engineer",
    "years_of_experience": 8.5,
    "linkedin_profile_url": "https://www.linkedin.com/in/alexmorgan",
    "resume_link": "https://drive.google.com/file/d/EXAMPLE_RESUME",
    "resume_file": None,
    "portfolio_site": "https://www.alexmorgan.dev",
    "tell_us_about_yourself": "Experienced AI/ML engineer with a strong track record building scalable models for customer-facing products. Passionate about machine learning, product delivery, and mentoring teams.",
    "how_did_you_hear": "LinkedIn",
})
2026-04-24 11:34:25,019 INFO ipython candidate.insert(ignore_permissions=True)
2026-04-24 11:34:25,020 INFO ipython frappe.db.commit()
2026-04-24 11:34:25,021 INFO ipython print("Inserted candidate:", candidate.name)
2026-04-24 11:34:25,022 INFO ipython import sys
2026-04-24 11:34:25,022 INFO ipython sys.exit(0)
2026-04-24 11:34:25,023 INFO ipython === session end ===
